<?xml version="1.0" encoding="UTF-8"?>
<!-- Generated by org.testng.reporters.JUnitReportReporter -->
<testsuite skipped="0" hostname="LP-5CD6518T2V" name="com.qa.test.LoginPageTest" tests="2" failures="0" timestamp="18 May 2018 21:07:45 GMT" time="4.281" errors="0">
  <testcase name="test2" time="0.108" classname="com.qa.test.LoginPageTest"/>
  <testcase name="test3" time="4.173" classname="com.qa.test.LoginPageTest"/>
</testsuite> <!-- com.qa.test.LoginPageTest -->
