<?xml version="1.0" encoding="UTF-8"?>
<!-- Generated by org.testng.reporters.JUnitReportReporter -->
<testsuite skipped="0" hostname="LP-5CD6518T2V" name="com.qa.test.LoginPageTest" tests="2" failures="0" timestamp="21 May 2018 07:02:25 GMT" time="2.180" errors="0">
  <testcase name="test3" time="2.164" classname="com.qa.test.LoginPageTest"/>
  <testcase name="test2" time="0.016" classname="com.qa.test.LoginPageTest"/>
</testsuite> <!-- com.qa.test.LoginPageTest -->
